<?xml version="1.0" encoding="UTF-8"?>
<!-- Generated by org.testng.reporters.JUnitReportReporter -->
<testsuite hostname="LAPTOP-MTHDCTUI" failures="0" tests="11" name="cucumber.Options.TestRunner" time="55.029" errors="0" timestamp="2023-12-26T16:42:06 IST" skipped="0">
  <testcase classname="cucumber.Options.TestRunner" name="runScenario" time="4.137"/>
  <system-out/>
  <testcase classname="cucumber.Options.TestRunner" name="runScenario" time="4.702"/>
  <system-out/>
  <testcase classname="cucumber.Options.TestRunner" name="runScenario" time="7.179"/>
  <system-out/>
  <testcase classname="cucumber.Options.TestRunner" name="runScenario" time="4.029"/>
  <system-out/>
  <testcase classname="cucumber.Options.TestRunner" name="runScenario" time="3.408"/>
  <system-out/>
  <testcase classname="cucumber.Options.TestRunner" name="runScenario" time="4.440"/>
  <system-out/>
  <testcase classname="cucumber.Options.TestRunner" name="runScenario" time="3.765"/>
  <system-out/>
  <testcase classname="cucumber.Options.TestRunner" name="runScenario" time="3.424"/>
  <system-out/>
  <testcase classname="cucumber.Options.TestRunner" name="runScenario" time="5.515"/>
  <system-out/>
  <testcase classname="cucumber.Options.TestRunner" name="runScenario" time="7.457"/>
  <system-out/>
  <testcase classname="cucumber.Options.TestRunner" name="runScenario" time="6.973"/>
  <system-out/>
</testsuite> <!-- cucumber.Options.TestRunner -->
