<?xml version="1.0" encoding="UTF-8"?>
<!-- Generated by org.testng.reporters.JUnitReportReporter -->
<testsuite hostname="LAPTOP-MTHDCTUI" failures="0" tests="10" name="cucumber.Options.TestRunner" time="41.339" errors="0" timestamp="2023-12-11T18:04:39 IST" skipped="0">
  <testcase classname="cucumber.Options.TestRunner" name="runScenario" time="5.368"/>
  <system-out/>
  <testcase classname="cucumber.Options.TestRunner" name="runScenario" time="3.252"/>
  <system-out/>
  <testcase classname="cucumber.Options.TestRunner" name="runScenario" time="2.540"/>
  <system-out/>
  <testcase classname="cucumber.Options.TestRunner" name="runScenario" time="3.418"/>
  <system-out/>
  <testcase classname="cucumber.Options.TestRunner" name="runScenario" time="3.371"/>
  <system-out/>
  <testcase classname="cucumber.Options.TestRunner" name="runScenario" time="3.315"/>
  <system-out/>
  <testcase classname="cucumber.Options.TestRunner" name="runScenario" time="4.031"/>
  <system-out/>
  <testcase classname="cucumber.Options.TestRunner" name="runScenario" time="4.745"/>
  <system-out/>
  <testcase classname="cucumber.Options.TestRunner" name="runScenario" time="6.509"/>
  <system-out/>
  <testcase classname="cucumber.Options.TestRunner" name="runScenario" time="4.790"/>
  <system-out/>
</testsuite> <!-- cucumber.Options.TestRunner -->
