<?xml version="1.0" encoding="UTF-8"?>
<!-- Generated by org.testng.reporters.JUnitReportReporter -->
<testsuite hostname="LAPTOP-MTHDCTUI" failures="0" tests="3" name="cucumber.Options.TestRunner" time="11.862" errors="0" timestamp="2024-01-06T13:33:46 IST" skipped="0">
  <testcase classname="cucumber.Options.TestRunner" name="runScenario" time="3.656"/>
  <system-out/>
  <testcase classname="cucumber.Options.TestRunner" name="runScenario" time="3.931"/>
  <system-out/>
  <testcase classname="cucumber.Options.TestRunner" name="runScenario" time="4.275"/>
  <system-out/>
</testsuite> <!-- cucumber.Options.TestRunner -->
